# JRE version: Java(TM) SE Runtime Environment (8.0_162-b12) (build 1.8.0_162-b12)
# Java VM: Java HotSpot(TM) 64-Bit Server VM (25.162-b12 mixed mode linux-amd64 compressed oops)
Heap:
 PSYoungGen      total 209920K, used 34388K [0x00000000eab00000, 0x0000000100000000, 0x0000000100000000)
  eden space 124928K, 0% used [0x00000000eab00000,0x00000000eab00000,0x00000000f2500000)
  from space 84992K, 40% used [0x00000000fad00000,0x00000000fce95348,0x0000000100000000)
  to   space 112128K, 0% used [0x00000000f2500000,0x00000000f2500000,0x00000000f9280000)
 ParOldGen       total 381952K, used 381949K [0x00000000c0000000, 0x00000000d7500000, 0x00000000eab00000)
  object space 381952K, 99% used [0x00000000c0000000,0x00000000d74ff600,0x00000000d7500000)
 Metaspace       used 67918K, capacity 82923K, committed 82968K, reserved 1118208K
  class space    used 9478K, capacity 13810K, committed 13848K, reserved 1048576K
GC Heap History (10 events):
Event: 9.366 GC heap after
Heap after GC invocations=16 (full 3):
 PSYoungGen      total 297984K, used 0K [0x00000000eab00000, 0x00000000ffe80000, 0x0000000100000000)
  eden space 250368K, 0% used [0x00000000eab00000,0x00000000eab00000,0x00000000f9f80000)
  from space 47616K, 0% used [0x00000000f9f80000,0x00000000f9f80000,0x00000000fce00000)
  to   space 47104K, 0% used [0x00000000fd080000,0x00000000fd080000,0x00000000ffe80000)
 ParOldGen       total 183808K, used 76877K [0x00000000c0000000, 0x00000000cb380000, 0x00000000eab00000)
  object space 183808K, 41% used [0x00000000c0000000,0x00000000c4b13550,0x00000000cb380000)
 Metaspace       used 47354K, capacity 59033K, committed 59160K, reserved 1099776K
  class space    used 6201K, capacity 9674K, committed 9752K, reserved 1048576K
}
Event: 11.159 GC heap before
{Heap before GC invocations=17 (full 3):
 PSYoungGen      total 297984K, used 250368K [0x00000000eab00000, 0x00000000ffe80000, 0x0000000100000000)
  eden space 250368K, 100% used [0x00000000eab00000,0x00000000f9f80000,0x00000000f9f80000)
  from space 47616K, 0% used [0x00000000f9f80000,0x00000000f9f80000,0x00000000fce00000)
  to   space 47104K, 0% used [0x00000000fd080000,0x00000000fd080000,0x00000000ffe80000)
 ParOldGen       total 183808K, used 76877K [0x00000000c0000000, 0x00000000cb380000, 0x00000000eab00000)
  object space 183808K, 41% used [0x00000000c0000000,0x00000000c4b13550,0x00000000cb380000)
 Metaspace       used 66096K, capacity 80893K, committed 80920K, reserved 1116160K
  class space    used 9240K, capacity 13574K, committed 13592K, reserved 1048576K
Event: 11.252 GC heap after
Heap after GC invocations=17 (full 3):
 PSYoungGen      total 226304K, used 47103K [0x00000000eab00000, 0x0000000100000000, 0x0000000100000000)
  eden space 179200K, 0% used [0x00000000eab00000,0x00000000eab00000,0x00000000f5a00000)
  from space 47104K, 99% used [0x00000000fd080000,0x00000000ffe7fc20,0x00000000ffe80000)
  to   space 84992K, 0% used [0x00000000f5a00000,0x00000000f5a00000,0x00000000fad00000)
 ParOldGen       total 183808K, used 158003K [0x00000000c0000000, 0x00000000cb380000, 0x00000000eab00000)
  object space 183808K, 85% used [0x00000000c0000000,0x00000000c9a4ce50,0x00000000cb380000)
 Metaspace       used 66096K, capacity 80893K, committed 80920K, reserved 1116160K
  class space    used 9240K, capacity 13574K, committed 13592K, reserved 1048576K
}
Event: 11.252 GC heap before
{Heap before GC invocations=18 (full 4):
 PSYoungGen      total 226304K, used 47103K [0x00000000eab00000, 0x0000000100000000, 0x0000000100000000)
  eden space 179200K, 0% used [0x00000000eab00000,0x00000000eab00000,0x00000000f5a00000)
  from space 47104K, 99% used [0x00000000fd080000,0x00000000ffe7fc20,0x00000000ffe80000)
  to   space 84992K, 0% used [0x00000000f5a00000,0x00000000f5a00000,0x00000000fad00000)
 ParOldGen       total 183808K, used 158003K [0x00000000c0000000, 0x00000000cb380000, 0x00000000eab00000)
  object space 183808K, 85% used [0x00000000c0000000,0x00000000c9a4ce50,0x00000000cb380000)
 Metaspace       used 66096K, capacity 80893K, committed 80920K, reserved 1116160K
  class space    used 9240K, capacity 13574K, committed 13592K, reserved 1048576K
Event: 11.554 GC heap after
Heap after GC invocations=18 (full 4):
 PSYoungGen      total 226304K, used 16153K [0x00000000eab00000, 0x0000000100000000, 0x0000000100000000)
  eden space 179200K, 0% used [0x00000000eab00000,0x00000000eab00000,0x00000000f5a00000)
  from space 47104K, 34% used [0x00000000fd080000,0x00000000fe0464d8,0x00000000ffe80000)
  to   space 84992K, 0% used [0x00000000f5a00000,0x00000000f5a00000,0x00000000fad00000)
 ParOldGen       total 349696K, used 183798K [0x00000000c0000000, 0x00000000d5580000, 0x00000000eab00000)
  object space 349696K, 52% used [0x00000000c0000000,0x00000000cb37d968,0x00000000d5580000)
 Metaspace       used 66096K, capacity 80893K, committed 80920K, reserved 1116160K
  class space    used 9240K, capacity 13574K, committed 13592K, reserved 1048576K
}
Event: 13.355 GC heap before
{Heap before GC invocations=19 (full 4):
 PSYoungGen      total 226304K, used 195316K [0x00000000eab00000, 0x0000000100000000, 0x0000000100000000)
  eden space 179200K, 99% used [0x00000000eab00000,0x00000000f59f6f18,0x00000000f5a00000)
  from space 47104K, 34% used [0x00000000fd080000,0x00000000fe0464d8,0x00000000ffe80000)
  to   space 84992K, 0% used [0x00000000f5a00000,0x00000000f5a00000,0x00000000fad00000)
 ParOldGen       total 349696K, used 183798K [0x00000000c0000000, 0x00000000d5580000, 0x00000000eab00000)
  object space 349696K, 52% used [0x00000000c0000000,0x00000000cb37d968,0x00000000d5580000)
 Metaspace       used 67877K, capacity 82859K, committed 82968K, reserved 1118208K
  class space    used 9478K, capacity 13810K, committed 13848K, reserved 1048576K
Event: 13.395 GC heap after
Heap after GC invocations=19 (full 4):
 PSYoungGen      total 264192K, used 84819K [0x00000000eab00000, 0x0000000100000000, 0x0000000100000000)
  eden space 179200K, 0% used [0x00000000eab00000,0x00000000eab00000,0x00000000f5a00000)
  from space 84992K, 99% used [0x00000000f5a00000,0x00000000facd4e88,0x00000000fad00000)
  to   space 84992K, 0% used [0x00000000fad00000,0x00000000fad00000,0x0000000100000000)
 ParOldGen       total 349696K, used 238704K [0x00000000c0000000, 0x00000000d5580000, 0x00000000eab00000)
  object space 349696K, 68% used [0x00000000c0000000,0x00000000ce91c258,0x00000000d5580000)
 Metaspace       used 67877K, capacity 82859K, committed 82968K, reserved 1118208K
  class space    used 9478K, capacity 13810K, committed 13848K, reserved 1048576K
}
Event: 15.856 GC heap before
{Heap before GC invocations=20 (full 4):
 PSYoungGen      total 264192K, used 263800K [0x00000000eab00000, 0x0000000100000000, 0x0000000100000000)
  eden space 179200K, 99% used [0x00000000eab00000,0x00000000f59c9198,0x00000000f5a00000)
  from space 84992K, 99% used [0x00000000f5a00000,0x00000000facd4e88,0x00000000fad00000)
  to   space 84992K, 0% used [0x00000000fad00000,0x00000000fad00000,0x0000000100000000)
 ParOldGen       total 349696K, used 238704K [0x00000000c0000000, 0x00000000d5580000, 0x00000000eab00000)
  object space 349696K, 68% used [0x00000000c0000000,0x00000000ce91c258,0x00000000d5580000)
 Metaspace       used 67918K, capacity 82923K, committed 82968K, reserved 1118208K
  class space    used 9478K, capacity 13810K, committed 13848K, reserved 1048576K
Event: 17.010 GC heap after
Heap after GC invocations=20 (full 4):
 PSYoungGen      total 209920K, used 84773K [0x00000000eab00000, 0x0000000100000000, 0x0000000100000000)
  eden space 124928K, 0% used [0x00000000eab00000,0x00000000eab00000,0x00000000f2500000)
  from space 84992K, 99% used [0x00000000fad00000,0x00000000fffc9508,0x0000000100000000)
  to   space 112128K, 0% used [0x00000000f2500000,0x00000000f2500000,0x00000000f9280000)
 ParOldGen       total 381952K, used 381532K [0x00000000c0000000, 0x00000000d7500000, 0x00000000eab00000)
  object space 381952K, 99% used [0x00000000c0000000,0x00000000d74970e8,0x00000000d7500000)
 Metaspace       used 67918K, capacity 82923K, committed 82968K, reserved 1118208K
  class space    used 9478K, capacity 13810K, committed 13848K, reserved 1048576K
}
Event: 17.010 GC heap before
{Heap before GC invocations=21 (full 5):
 PSYoungGen      total 209920K, used 84773K [0x00000000eab00000, 0x0000000100000000, 0x0000000100000000)
  eden space 124928K, 0% used [0x00000000eab00000,0x00000000eab00000,0x00000000f2500000)
  from space 84992K, 99% used [0x00000000fad00000,0x00000000fffc9508,0x0000000100000000)
  to   space 112128K, 0% used [0x00000000f2500000,0x00000000f2500000,0x00000000f9280000)
 ParOldGen       total 381952K, used 381532K [0x00000000c0000000, 0x00000000d7500000, 0x00000000eab00000)
  object space 381952K, 99% used [0x00000000c0000000,0x00000000d74970e8,0x00000000d7500000)
 Metaspace       used 67918K, capacity 82923K, committed 82968K, reserved 1118208K
  class space    used 9478K, capacity 13810K, committed 13848K, reserved 1048576K

