# JRE version: Java(TM) SE Runtime Environment (8.0_162-b12) (build 1.8.0_162-b12)
# Java VM: Java HotSpot(TM) 64-Bit Server VM (25.162-b12 mixed mode linux-amd64 compressed oops)
Heap:
 PSYoungGen      total 207872K, used 37206K [0x00000000eab00000, 0x0000000100000000, 0x0000000100000000)
  eden space 121856K, 0% used [0x00000000eab00000,0x00000000eab00000,0x00000000f2200000)
  from space 86016K, 43% used [0x00000000fac00000,0x00000000fd0559c8,0x0000000100000000)
  to   space 113664K, 0% used [0x00000000f2200000,0x00000000f2200000,0x00000000f9100000)
 ParOldGen       total 375296K, used 374873K [0x00000000c0000000, 0x00000000d6e80000, 0x00000000eab00000)
  object space 375296K, 99% used [0x00000000c0000000,0x00000000d6e16768,0x00000000d6e80000)
 Metaspace       used 68954K, capacity 84071K, committed 84248K, reserved 1120256K
  class space    used 9683K, capacity 14056K, committed 14104K, reserved 1048576K
GC Heap History (10 events):
Event: 9.726 GC heap after
Heap after GC invocations=16 (full 3):
 PSYoungGen      total 295936K, used 0K [0x00000000eab00000, 0x00000000fff00000, 0x0000000100000000)
  eden space 247808K, 0% used [0x00000000eab00000,0x00000000eab00000,0x00000000f9d00000)
  from space 48128K, 0% used [0x00000000f9d00000,0x00000000f9d00000,0x00000000fcc00000)
  to   space 48128K, 0% used [0x00000000fd000000,0x00000000fd000000,0x00000000fff00000)
 ParOldGen       total 169984K, used 74361K [0x00000000c0000000, 0x00000000ca600000, 0x00000000eab00000)
  object space 169984K, 43% used [0x00000000c0000000,0x00000000c489e770,0x00000000ca600000)
 Metaspace       used 47337K, capacity 59015K, committed 59160K, reserved 1099776K
  class space    used 6203K, capacity 9673K, committed 9752K, reserved 1048576K
}
Event: 11.772 GC heap before
{Heap before GC invocations=17 (full 3):
 PSYoungGen      total 295936K, used 247611K [0x00000000eab00000, 0x00000000fff00000, 0x0000000100000000)
  eden space 247808K, 99% used [0x00000000eab00000,0x00000000f9cced80,0x00000000f9d00000)
  from space 48128K, 0% used [0x00000000f9d00000,0x00000000f9d00000,0x00000000fcc00000)
  to   space 48128K, 0% used [0x00000000fd000000,0x00000000fd000000,0x00000000fff00000)
 ParOldGen       total 169984K, used 74361K [0x00000000c0000000, 0x00000000ca600000, 0x00000000eab00000)
  object space 169984K, 43% used [0x00000000c0000000,0x00000000c489e770,0x00000000ca600000)
 Metaspace       used 66033K, capacity 80747K, committed 80920K, reserved 1116160K
  class space    used 9237K, capacity 13573K, committed 13592K, reserved 1048576K
Event: 11.808 GC heap after
Heap after GC invocations=17 (full 3):
 PSYoungGen      total 225280K, used 48098K [0x00000000eab00000, 0x0000000100000000, 0x0000000100000000)
  eden space 177152K, 0% used [0x00000000eab00000,0x00000000eab00000,0x00000000f5800000)
  from space 48128K, 99% used [0x00000000fd000000,0x00000000ffef8880,0x00000000fff00000)
  to   space 86016K, 0% used [0x00000000f5800000,0x00000000f5800000,0x00000000fac00000)
 ParOldGen       total 169984K, used 154489K [0x00000000c0000000, 0x00000000ca600000, 0x00000000eab00000)
  object space 169984K, 90% used [0x00000000c0000000,0x00000000c96de400,0x00000000ca600000)
 Metaspace       used 66033K, capacity 80747K, committed 80920K, reserved 1116160K
  class space    used 9237K, capacity 13573K, committed 13592K, reserved 1048576K
}
Event: 11.808 GC heap before
{Heap before GC invocations=18 (full 4):
 PSYoungGen      total 225280K, used 48098K [0x00000000eab00000, 0x0000000100000000, 0x0000000100000000)
  eden space 177152K, 0% used [0x00000000eab00000,0x00000000eab00000,0x00000000f5800000)
  from space 48128K, 99% used [0x00000000fd000000,0x00000000ffef8880,0x00000000fff00000)
  to   space 86016K, 0% used [0x00000000f5800000,0x00000000f5800000,0x00000000fac00000)
 ParOldGen       total 169984K, used 154489K [0x00000000c0000000, 0x00000000ca600000, 0x00000000eab00000)
  object space 169984K, 90% used [0x00000000c0000000,0x00000000c96de400,0x00000000ca600000)
 Metaspace       used 66033K, capacity 80747K, committed 80920K, reserved 1116160K
  class space    used 9237K, capacity 13573K, committed 13592K, reserved 1048576K
Event: 12.132 GC heap after
Heap after GC invocations=18 (full 4):
 PSYoungGen      total 225280K, used 29135K [0x00000000eab00000, 0x0000000100000000, 0x0000000100000000)
  eden space 177152K, 0% used [0x00000000eab00000,0x00000000eab00000,0x00000000f5800000)
  from space 48128K, 60% used [0x00000000fd000000,0x00000000fec73f28,0x00000000fff00000)
  to   space 86016K, 0% used [0x00000000f5800000,0x00000000f5800000,0x00000000fac00000)
 ParOldGen       total 317952K, used 169837K [0x00000000c0000000, 0x00000000d3680000, 0x00000000eab00000)
  object space 317952K, 53% used [0x00000000c0000000,0x00000000ca5db5f8,0x00000000d3680000)
 Metaspace       used 66033K, capacity 80747K, committed 80920K, reserved 1116160K
  class space    used 9237K, capacity 13573K, committed 13592K, reserved 1048576K
}
Event: 13.822 GC heap before
{Heap before GC invocations=19 (full 4):
 PSYoungGen      total 225280K, used 206245K [0x00000000eab00000, 0x0000000100000000, 0x0000000100000000)
  eden space 177152K, 99% used [0x00000000eab00000,0x00000000f57f5828,0x00000000f5800000)
  from space 48128K, 60% used [0x00000000fd000000,0x00000000fec73f28,0x00000000fff00000)
  to   space 86016K, 0% used [0x00000000f5800000,0x00000000f5800000,0x00000000fac00000)
 ParOldGen       total 317952K, used 169837K [0x00000000c0000000, 0x00000000d3680000, 0x00000000eab00000)
  object space 317952K, 53% used [0x00000000c0000000,0x00000000ca5db5f8,0x00000000d3680000)
 Metaspace       used 67876K, capacity 82777K, committed 82968K, reserved 1118208K
  class space    used 9476K, capacity 13809K, committed 13848K, reserved 1048576K
Event: 15.000 GC heap after
Heap after GC invocations=19 (full 4):
 PSYoungGen      total 263168K, used 85883K [0x00000000eab00000, 0x0000000100000000, 0x0000000100000000)
  eden space 177152K, 0% used [0x00000000eab00000,0x00000000eab00000,0x00000000f5800000)
  from space 86016K, 99% used [0x00000000f5800000,0x00000000fabdef28,0x00000000fac00000)
  to   space 86016K, 0% used [0x00000000fac00000,0x00000000fac00000,0x0000000100000000)
 ParOldGen       total 317952K, used 231615K [0x00000000c0000000, 0x00000000d3680000, 0x00000000eab00000)
  object space 317952K, 72% used [0x00000000c0000000,0x00000000ce22fe08,0x00000000d3680000)
 Metaspace       used 67876K, capacity 82777K, committed 82968K, reserved 1118208K
  class space    used 9476K, capacity 13809K, committed 13848K, reserved 1048576K
}
Event: 17.394 GC heap before
{Heap before GC invocations=20 (full 4):
 PSYoungGen      total 263168K, used 262952K [0x00000000eab00000, 0x0000000100000000, 0x0000000100000000)
  eden space 177152K, 99% used [0x00000000eab00000,0x00000000f57eb3c8,0x00000000f5800000)
  from space 86016K, 99% used [0x00000000f5800000,0x00000000fabdef28,0x00000000fac00000)
  to   space 86016K, 0% used [0x00000000fac00000,0x00000000fac00000,0x0000000100000000)
 ParOldGen       total 317952K, used 231615K [0x00000000c0000000, 0x00000000d3680000, 0x00000000eab00000)
  object space 317952K, 72% used [0x00000000c0000000,0x00000000ce22fe08,0x00000000d3680000)
 Metaspace       used 68954K, capacity 84071K, committed 84248K, reserved 1120256K
  class space    used 9683K, capacity 14056K, committed 14104K, reserved 1048576K
Event: 18.309 GC heap after
Heap after GC invocations=20 (full 4):
 PSYoungGen      total 207872K, used 85924K [0x00000000eab00000, 0x0000000100000000, 0x0000000100000000)
  eden space 121856K, 0% used [0x00000000eab00000,0x00000000eab00000,0x00000000f2200000)
  from space 86016K, 99% used [0x00000000fac00000,0x00000000fffe9310,0x0000000100000000)
  to   space 113664K, 0% used [0x00000000f2200000,0x00000000f2200000,0x00000000f9100000)
 ParOldGen       total 375296K, used 375093K [0x00000000c0000000, 0x00000000d6e80000, 0x00000000eab00000)
  object space 375296K, 99% used [0x00000000c0000000,0x00000000d6e4d7b0,0x00000000d6e80000)
 Metaspace       used 68954K, capacity 84071K, committed 84248K, reserved 1120256K
  class space    used 9683K, capacity 14056K, committed 14104K, reserved 1048576K
}
Event: 18.309 GC heap before
{Heap before GC invocations=21 (full 5):
 PSYoungGen      total 207872K, used 85924K [0x00000000eab00000, 0x0000000100000000, 0x0000000100000000)
  eden space 121856K, 0% used [0x00000000eab00000,0x00000000eab00000,0x00000000f2200000)
  from space 86016K, 99% used [0x00000000fac00000,0x00000000fffe9310,0x0000000100000000)
  to   space 113664K, 0% used [0x00000000f2200000,0x00000000f2200000,0x00000000f9100000)
 ParOldGen       total 375296K, used 375093K [0x00000000c0000000, 0x00000000d6e80000, 0x00000000eab00000)
  object space 375296K, 99% used [0x00000000c0000000,0x00000000d6e4d7b0,0x00000000d6e80000)
 Metaspace       used 68954K, capacity 84071K, committed 84248K, reserved 1120256K
  class space    used 9683K, capacity 14056K, committed 14104K, reserved 1048576K

